app/proguard-rules.pro

-keep public class * extends android.app.Activity
-keep public class * extends android.app.Application
-keep public class * extends android.app.Service
-keep public class * extends android.content.BroadcastReceiver
-keep public class * extends android.content.ContentProvider

-keep public class * extends android.view.View {
  public <init>(android.content.Context);
  public <init>(android.content.Context, android.util.AttributeSet);
  public <init>(android.content.Context, android.util.AttributeSet, int);
  public void set*(...);
  public *** get*();
}


-keepclasseswithmembernames class * {
  native <methods>;
}


-keep class **.R$* { *; }


-keepclassmembers class * implements java.io.Serializable {
  static final long serialVersionUID;
  static final java.io.ObjectStreamField[] serialPersistentFields;
  !static !transient <fields>;
  private void writeObject(java.io.ObjectOutputStream);
  private void readObject(java.io.ObjectInputStream);
  java.lang.Object writeReplace();
  java.lang.Object readResolve();
}


-dontwarn android.**
-dontwarn javax.**