app/build/outputs/mapping/release/usage.txt
com.liunx.terminal.MainActivity:
    private static final int MAX_LINE_COUNT
    private static final int PERMISSION_REQ
    private static final long UPDATE_DELAY_MS
com.liunx.terminal.R
com.liunx.terminal.MainActivity$1:
    public static synthetic void lambda$onNewOutput$0()
    public static synthetic void lambda$onNewOutput$1()
    public static synthetic void lambda$onTerminalExit$2()
com.liunx.terminal.MainActivity:
    public static boolean hasStoragePermissions()
    public static boolean lambda$onCreate$0()
    public static void requestStoragePermissions()
com.liunx.terminal.ShellManager$$InternalSyntheticBackport$2$38c914bf3c431d0966970ffaf6a4516f26db1245da874d89ddef9a59fa4ba6da$0
com.liunx.terminal.ShellManager$$InternalSyntheticBackport$2$38c914bf3c431d0966970ffaf6a4516f26db1245da874d89ddef9a59fa4ba6da$1
com.liunx.terminal.ShellManager$OutputListener
com.liunx.terminal.ShellManager:
    public static void destroy()
    public static synthetic void lambda$startReader$0()
    public static void setOutputListener()
    public static void start()
    public static void startReader()
    public static void writeCommand()